"../../../Engine/Content/Animation/DefaultAnimBoneCompressionSettings.uasset" 0
"../../../Engine/Content/Animation/DefaultAnimCurveCompressionSettings.uasset" 1
"../../../Engine/Content/ArtTools/RenderToTexture/Enums/RenderToTexture_Enum.uasset" 2
"../../../Engine/Content/ArtTools/RenderToTexture/Enums/RenderToTexture_Flipbook_Enum.uasset" 3
"../../../Engine/Content/ArtTools/RenderToTexture/Enums/RenderToTexture_Imposter_Enum.uasset" 4
"../../../Engine/Content/ArtTools/RenderToTexture/Enums/EIntTypes.uasset" 5
"../../../Engine/Content/EditorBlueprintResources/StandardMacros.uasset" 6
"../../../Engine/Content/ArtTools/RenderToTexture/Macros/RenderToTextureFunctionLibrary.uasset" 7
"../../../Engine/Content/ArtTools/RenderToTexture/Enums/EFloatTypes.uasset" 8
"../../../Engine/Content/ArtTools/RenderToTexture/Macros/RenderToTextureMacros.uasset" 9
"../../../Engine/Content/EngineMaterials/T_Default_Material_Grid_N.uasset" 10
"../../../Engine/Content/EngineMaterials/T_Default_Material_Grid_M.uasset" 11
"../../../Engine/Content/Functions/Engine_MaterialFunctions01/Opacity/CameraDepthFade.uasset" 12
"../../../Engine/Content/EngineMaterials/WorldGridMaterial.uasset" 13
"../../../Engine/Content/ArtTools/RenderToTexture/Meshes/S_1_Unit_Plane.uasset" 14
"../../../Engine/Content/EngineMaterials/DefaultMaterial.uasset" 15
"../../../Engine/Content/BasicShapes/Cone.uasset" 16
"../../../Engine/Content/BasicShapes/Cube.uasset" 17
"../../../Engine/Content/BasicShapes/Plane.uasset" 18
"../../../Engine/Content/BasicShapes/Sphere.uasset" 19
"../../../Engine/Content/EngineMaterials/DefaultPhysicalMaterial.uasset" 20
"../../../Engine/Content/BufferVisualization/AmbientOcclusion.uasset" 21
"../../../Engine/Content/Functions/Engine_MaterialFunctions02/Utility/AppendMany.uasset" 22
"../../../Engine/Content/BufferVisualization/Anisotropy.uasset" 23
"../../../Engine/Content/BufferVisualization/BaseColor.uasset" 24
"../../../Engine/Content/BufferVisualization/CustomDepth.uasset" 25
"../../../Engine/Content/Functions/Engine_MaterialFunctions02/Utility/VectorLength.uasset" 26
"../../../Engine/Content/BufferVisualization/CustomDepthWorldUnits.uasset" 27
"../../../Engine/Content/EngineMaterials/MiniFont.uasset" 28
"../../../Engine/Content/Functions/Engine_MaterialFunctions02/Utility/MakeFloat3.uasset" 29
"../../../Engine/Content/Functions/Engine_MaterialFunctions02/Utility/MakeFloat2.uasset" 30
"../../../Engine/Content/Functions/Engine_MaterialFunctions02/ScreenResolution.uasset" 31
"../../../Engine/Content/Functions/Engine_MaterialFunctions02/Utility/BreakOutFloat2Components.uasset" 32
"../../../Engine/Content/Functions/Engine_MaterialFunctions01/Texturing/ScaleUVsByCenter.uasset" 33
"../../../Engine/Content/Functions/Engine_MaterialFunctions02/Texturing/ScreenAlignedUVs.uasset" 34
"../../../Engine/Content/BufferVisualization/CustomStencil.uasset" 35
"../../../Engine/Content/BufferVisualization/FinalImage.uasset" 36
"../../../Engine/Content/BufferVisualization/LightingModel.uasset" 37
"../../../Engine/Content/BufferVisualization/MaterialAO.uasset" 38
"../../../Engine/Content/BufferVisualization/Metallic.uasset" 39
"../../../Engine/Content/BufferVisualization/Opacity.uasset" 40
"../../../Engine/Content/BufferVisualization/PostTonemapHDRColor.uasset" 41
"../../../Engine/Content/BufferVisualization/PreTonemapHDRColor.uasset" 42
"../../../Engine/Content/BufferVisualization/Roughness.uasset" 43
"../../../Engine/Content/BufferVisualization/SceneColor.uasset" 44
"../../../Engine/Content/BufferVisualization/SceneDepth.uasset" 45
"../../../Engine/Content/BufferVisualization/SceneDepthWorldUnits.uasset" 46
"../../../Engine/Content/BufferVisualization/SeparateTranslucencyA.uasset" 47
"../../../Engine/Content/BufferVisualization/SeparateTranslucencyRGB.uasset" 48
"../../../Engine/Content/BufferVisualization/Specular.uasset" 49
"../../../Engine/Content/BufferVisualization/SubsurfaceColor.uasset" 50
"../../../Engine/Content/BufferVisualization/Velocity.uasset" 51
"../../../Engine/Content/BufferVisualization/WorldNormal.uasset" 52
"../../../Engine/Content/BufferVisualization/WorldTangent.uasset" 53
"../../../Engine/Content/EditorBlueprintResources/ActorMacros.uasset" 54
"../../../Engine/Content/EditorLandscapeResources/DefaultAlphaTexture.uasset" 55
"../../../Engine/Content/EditorLandscapeResources/AlphaBrushMaterial.uasset" 56
"../../../Engine/Content/EditorLandscapeResources/AlphaBrushMaterial_Smooth.uasset" 57
"../../../Engine/Content/EditorLandscapeResources/CircleBrushMaterial.uasset" 58
"../../../Engine/Content/EditorLandscapeResources/CircleBrushMaterial_Linear.uasset" 59
"../../../Engine/Content/EditorLandscapeResources/CircleBrushMaterial_Smooth.uasset" 60
"../../../Engine/Content/EditorLandscapeResources/CircleBrushMaterial_Spherical.uasset" 61
"../../../Engine/Content/EditorLandscapeResources/CircleBrushMaterial_Tip.uasset" 62
"../../../Engine/Content/EditorLandscapeResources/ColorMaskBrushMaterial.uasset" 63
"../../../Engine/Content/EditorLandscapeResources/ColorMaskBrushMaterial_MaskedRegion.uasset" 64
"../../../Engine/Content/EditorLandscapeResources/DataLayer.uasset" 65
"../../../Engine/Content/Functions/Engine_MaterialFunctions01/Gradient/RadialGradient.uasset" 66
"../../../Engine/Content/EditorLandscapeResources/FlattenHeightMat.uasset" 67
"../../../Engine/Content/EditorLandscapeResources/FlattenPlaneMesh.uasset" 68
"../../../Engine/Content/EditorLandscapeResources/LandscapeDirtyMaterial.uasset" 69
"../../../Engine/Content/EditorLandscapeResources/LandscapeGizmoHeight_Mat.uasset" 70
"../../../Engine/Content/EditorLandscapeResources/LandscapeGizmo_Mat.uasset" 71
"../../../Engine/Content/EditorLandscapeResources/LandscapeGizmo_Mat_Copied.uasset" 72
"../../../Engine/Content/Functions/Engine_MaterialFunctions02/WorldPositionOffset/LocalPosition.uasset" 73
"../../../Engine/Content/Functions/Engine_MaterialFunctions02/ExampleContent/DebugNumberStrip.uasset" 74
"../../../Engine/Content/EngineMaterials/DefaultDiffuse.uasset" 75
"../../../Engine/Content/Functions/Engine_MaterialFunctions01/Texturing/TextureCropping.uasset" 76
"../../../Engine/Content/Functions/Engine_MaterialFunctions01/Debug/DebugIntValues.uasset" 77
"../../../Engine/Content/EditorLandscapeResources/LandscapeLayerUsageMaterial.uasset" 78
"../../../Engine/Content/EditorLandscapeResources/LandscapeThumbnailHeightmap.uasset" 79
"../../../Engine/Content/EditorLandscapeResources/LandscapeThumbnailWeightmap.uasset" 80
"../../../Engine/Content/EditorLandscapeResources/WhiteSquareTexture.uasset" 81
"../../../Engine/Content/EditorLandscapeResources/LayerVisMaterial.uasset" 82
"../../../Engine/Content/EditorLandscapeResources/MaskBrushMaterial.uasset" 83
"../../../Engine/Content/EditorLandscapeResources/MaskBrushMaterial_Gizmo.uasset" 84
"../../../Engine/Content/EditorLandscapeResources/MaskBrushMaterial_MaskedRegion.uasset" 85
"../../../Engine/Content/EditorLandscapeResources/MirrorPlaneMaterial.uasset" 86
"../../../Engine/Content/EditorLandscapeResources/PatternBrushMaterial_Smooth.uasset" 87
"../../../Engine/Content/EditorLandscapeResources/SelectBrushMaterial.uasset" 88
"../../../Engine/Content/EditorLandscapeResources/SelectBrushMaterial_Selected.uasset" 89
"../../../Engine/Content/EditorLandscapeResources/SelectBrushMaterial_SelectedRegion.uasset" 90
"../../../Engine/Content/EditorLandscapeResources/SplineEditorMeshMat.uasset" 91
"../../../Engine/Content/EditorLandscapeResources/SplineEditorMesh.uasset" 92
"../../../Engine/Content/EditorMaterials/Cross.uasset" 93
"../../../Engine/Content/EditorMaterials/Cross_Mat.uasset" 94
"../../../Engine/Content/EditorResources/T_EditorHelp.uasset" 95
"../../../Engine/Content/Functions/Engine_MaterialFunctions02/Utility/Sign.uasset" 96
"../../../Engine/Content/Functions/Engine_MaterialFunctions02/Utility/Round.uasset" 97
"../../../Engine/Content/Functions/Engine_MaterialFunctions02/ExampleContent/Textures/DebugNumberPeriod.uasset" 98
"../../../Engine/Content/Functions/Engine_MaterialFunctions01/Texturing/ComputeMipLevel.uasset" 99
"../../../Engine/Content/Functions/Engine_MaterialFunctions02/Utility/DebugScalarValues.uasset" 100
"../../../Engine/Content/Functions/Engine_MaterialFunctions02/Utility/DebugFloat2Values.uasset" 101
"../../../Engine/Content/Functions/Engine_MaterialFunctions02/ExampleContent/Textures/flipbook.uasset" 102
"../../../Engine/Content/Functions/Engine_MaterialFunctions02/Texturing/FlipBook.uasset" 103
"../../../Engine/Content/EditorMaterials/HelpActorMaterial.uasset" 104
"../../../Engine/Content/Functions/Engine_MaterialFunctions03/Procedurals/ComputeFilterWidth.uasset" 105
"../../../Engine/Content/EngineMaterials/BlendFunc_DefBlend.uasset" 106
"../../../Engine/Content/EngineMaterials/BlendFunc_DefBase.uasset" 107
"../../../Engine/Content/Functions/Engine_MaterialFunctions03/Blends/Blend_Screen.uasset" 108
"../../../Engine/Content/EditorMaterials/TilingAALineIntegral.uasset" 109
"../../../Engine/Content/EditorMaterials/TilingAALineBoxFiltered.uasset" 110
"../../../Engine/Content/EditorMaterials/TilingAAGrid.uasset" 111
"../../../Engine/Content/EditorMaterials/TilingAADots.uasset" 112
"../../../Engine/Content/EditorMaterials/CompositeARGBLayer.uasset" 113
"../../../Engine/Content/EditorMaterials/LevelGridMaterial.uasset" 114
"../../../Engine/Content/EditorResources/LevelGrid1DStripes.uasset" 115
"../../../Engine/Content/EditorMaterials/TextureGridCascaded1D.uasset" 116
"../../../Engine/Content/EditorMaterials/TextureGridCascaded2D.uasset" 117
"../../../Engine/Content/EditorMaterials/MakeCompositeARGBLayer.uasset" 118
"../../../Engine/Content/EditorMaterials/LevelGridMaterial2.uasset" 119
"../../../Engine/Content/EditorMaterials/MAT_Groups_Toggle.uasset" 120
"../../../Engine/Content/EditorMaterials/MAT_Groups_Visibility.uasset" 121
"../../../Engine/Content/EngineMaterials/Grid.uasset" 122
"../../../Engine/Content/EditorResources/TilePatine_N.uasset" 123
"../../../Engine/Content/EditorResources/TilePatine_D.uasset" 124
"../../../Engine/Content/EditorMaterials/AntialiasedGridFloor.uasset" 125
"../../../Engine/Content/EditorMaterials/PersonaFloorMat.uasset" 126
"../../../Engine/Content/EditorMaterials/PhAT_BoneSelectedMaterial.uasset" 127
"../../../Engine/Content/EditorMaterials/PhAT_ElemSelectedMaterial.uasset" 128
"../../../Engine/Content/EditorMaterials/PhAT_NoCollisionMaterial.uasset" 129
"../../../Engine/Content/EditorMaterials/PhAT_UnselectedMaterial.uasset" 130
"../../../Engine/Content/EditorMaterials/PreviewShadowIndicator.uasset" 131
"../../../Engine/Content/EditorMaterials/PreviewShadowIndicatorMaterial.uasset" 132
"../../../Engine/Content/EditorMaterials/TargetIcon.uasset" 133
"../../../Engine/Content/EditorMaterials/Tick.uasset" 134
"../../../Engine/Content/EditorMaterials/Tick_Mat.uasset" 135
"../../../Engine/Content/EditorMaterials/WidgetGridVertexColorMaterial.uasset" 136
"../../../Engine/Content/EditorMaterials/WidgetGridVertexColorMaterial_Ma.uasset" 137
"../../../Engine/Content/EditorMaterials/WidgetMaterial.uasset" 138
"../../../Engine/Content/EditorMaterials/WidgetMaterial_Current.uasset" 139
"../../../Engine/Content/EditorMaterials/WidgetMaterial_X.uasset" 140
"../../../Engine/Content/EditorMaterials/WidgetMaterial_Y.uasset" 141
"../../../Engine/Content/EditorMaterials/WidgetMaterial_Z.uasset" 142
"../../../Engine/Content/EditorMaterials/WidgetVertexColorMaterial.uasset" 143
"../../../Engine/Content/EditorMaterials/AssetViewer/EpicQuadPanorama_CC+EV1.uasset" 144
"../../../Engine/Content/MapTemplates/Sky/SunsetAmbientCubemap.uasset" 145
"../../../Engine/Content/EditorMaterials/AssetViewer/M_SkyBox.uasset" 146
"../../../Engine/Content/EditorMaterials/MatineeGroups/MAT_ColorTrack.uasset" 147
"../../../Engine/Content/EditorMaterials/MatineeGroups/MAT_Groups_Anim.uasset" 148
"../../../Engine/Content/EditorMaterials/MatineeGroups/MAT_Groups_AudioMaster.uasset" 149
"../../../Engine/Content/EditorMaterials/MatineeGroups/MAT_Groups_Director.uasset" 150
"../../../Engine/Content/EditorMaterials/MatineeGroups/MAT_Groups_Event.uasset" 151
"../../../Engine/Content/EditorMaterials/MatineeGroups/MAT_Groups_Fade.uasset" 152
"../../../Engine/Content/EditorMaterials/MatineeGroups/MAT_Groups_Float.uasset" 153
"../../../Engine/Content/EditorMaterials/MatineeGroups/MAT_Groups_Move.uasset" 154
"../../../Engine/Content/EditorMaterials/MatineeGroups/MAT_Groups_Slomo.uasset" 155
"../../../Engine/Content/EditorMaterials/MatineeGroups/MAT_Groups_Sound.uasset" 156
"../../../Engine/Content/EditorMaterials/MatineeGroups/MAT_Groups_Vector.uasset" 157
"../../../Engine/Content/EditorMaterials/ParticleSystems/PSysThumbnail_NoImage.uasset" 158
"../../../Engine/Content/EditorMaterials/ParticleSystems/PSysThumbnail_OOD.uasset" 159
"../../../Engine/Content/EditorMaterials/Thumbnails/FloorPlaneMaterial.uasset" 160
"../../../Engine/Content/EditorMeshes/EditorCube.uasset" 161
"../../../Engine/Content/EditorMeshes/EditorCylinder.uasset" 162
"../../../Engine/Content/EditorMeshes/EditorPlane.uasset" 163
"../../../Engine/Content/EditorMaterials/Thumbnails/SkySphereMaterial.uasset" 164
"../../../Engine/Content/EditorMeshes/EditorSkySphere.uasset" 165
"../../../Engine/Content/EditorMeshes/EditorSphere.uasset" 166
"../../../Engine/Content/EditorResources/MatineeCam_D.uasset" 167
"../../../Engine/Content/EditorMaterials/MatineeCam_mat.uasset" 168
"../../../Engine/Content/EditorMeshes/MatineeCam_SM.uasset" 169
"../../../Engine/Content/Functions/Engine_MaterialFunctions01/Shading/ConvertFromDiffSpec.uasset" 170
"../../../Engine/Content/EditorMaterials/GridMaterial.uasset" 171
"../../../Engine/Content/EditorMeshes/PhAT_FloorBox.uasset" 172
"../../../Engine/Content/EditorMeshes/PlanarReflectionPlane.uasset" 173
"../../../Engine/Content/EditorMeshes/AssetViewer/Floor_Mesh.uasset" 174
"../../../Engine/Content/EditorMeshes/AssetViewer/Sphere_inversenormals.uasset" 175
"../../../Engine/Content/EngineDebugMaterials/M_SimpleOpaque.uasset" 176
"../../../Engine/Content/EditorMaterials/Camera/MI_CineMat_CamViewFinder.uasset" 177
"../../../Engine/Content/EditorMaterials/Camera/CineMat.uasset" 178
"../../../Engine/Content/EditorMaterials/Camera/MI_CineMat_CameraBody.uasset" 179
"../../../Engine/Content/EditorMeshes/Camera/SM_CineCam.uasset" 180
"../../../Engine/Content/EditorMaterials/Camera/MI_CineMat_Rig.uasset" 181
"../../../Engine/Content/EditorMeshes/Camera/SM_CraneRig_Arm.uasset" 182
"../../../Engine/Content/EditorMeshes/Camera/SM_CraneRig_Base.uasset" 183
"../../../Engine/Content/EditorMeshes/Camera/SM_CraneRig_Body.uasset" 184
"../../../Engine/Content/EditorMeshes/Camera/SM_CraneRig_Mount.uasset" 185
"../../../Engine/Content/EditorMeshes/Camera/SM_RailRig_Mount.uasset" 186
"../../../Engine/Content/EditorMeshes/Camera/SM_RailRig_Track.uasset" 187
"../../../Engine/Content/EditorMeshes/ColorCalibrator/M_ChromeBall.uasset" 188
"../../../Engine/Content/EditorResources/Bad.uasset" 189
"../../../Engine/Content/EditorResources/BadBlueprintSprite.uasset" 190
"../../../Engine/Content/EditorResources/BSPVertex.uasset" 191
"../../../Engine/Content/EditorResources/EmptyActor.uasset" 192
"../../../Engine/Content/EditorResources/MatInstActSprite.uasset" 193
"../../../Engine/Content/EditorResources/SceneManager.uasset" 194
"../../../Engine/Content/EditorResources/SimplygonLogo.uasset" 195
"../../../Engine/Content/EditorResources/SmallFont.uasset" 196
"../../../Engine/Content/EditorResources/S_Actor.uasset" 197
"../../../Engine/Content/EditorResources/S_CameraShakeSource.uasset" 198
"../../../Engine/Content/EditorResources/S_DecalActorIcon.uasset" 199
"../../../Engine/Content/EditorResources/S_Emitter.uasset" 200
"../../../Engine/Content/EditorResources/S_ExpoHeightFog.uasset" 201
"../../../Engine/Content/EditorResources/S_FTest.uasset" 202
"../../../Engine/Content/EditorResources/S_KBSJoint.uasset" 203
"../../../Engine/Content/EditorResources/S_KHinge.uasset" 204
"../../../Engine/Content/EditorResources/S_KPrismatic.uasset" 205
"../../../Engine/Content/EditorResources/S_LevelSequence.uasset" 206
"../../../Engine/Content/EditorResources/S_NavP.uasset" 207
"../../../Engine/Content/EditorResources/S_Note.uasset" 208
"../../../Engine/Content/EditorResources/S_Player.uasset" 209
"../../../Engine/Content/EditorResources/S_PortalActorIcon2.uasset" 210
"../../../Engine/Content/EditorResources/S_RadForce.uasset" 211
"../../../Engine/Content/EditorResources/S_ReflActorIcon.uasset" 212
"../../../Engine/Content/EditorResources/S_SkyAtmosphere.uasset" 213
"../../../Engine/Content/EditorResources/S_Solver.uasset" 214
"../../../Engine/Content/EditorResources/S_Terrain.uasset" 215
"../../../Engine/Content/EditorResources/S_TextRenderActorIcon.uasset" 216
"../../../Engine/Content/EditorResources/S_Thruster.uasset" 217
"../../../Engine/Content/EditorResources/S_Trigger.uasset" 218
"../../../Engine/Content/EditorResources/S_VectorFieldVol.uasset" 219
"../../../Engine/Content/EditorResources/S_VolumetricCloud.uasset" 220
"../../../Engine/Content/EditorResources/S_WindDirectional.uasset" 221
"../../../Engine/Content/EditorResources/AI/S_NavLink.uasset" 222
"../../../Engine/Content/EditorResources/LightIcons/SkyLight.uasset" 223
"../../../Engine/Content/EditorResources/LightIcons/S_LightDirectional.uasset" 224
"../../../Engine/Content/EditorResources/LightIcons/S_LightDirectionalMove.uasset" 225
"../../../Engine/Content/EditorResources/LightIcons/S_LightError.uasset" 226
"../../../Engine/Content/EditorResources/LightIcons/S_LightPoint.uasset" 227
"../../../Engine/Content/EditorResources/LightIcons/S_LightPointMove.uasset" 228
"../../../Engine/Content/EditorResources/LightIcons/S_LightSpot.uasset" 229
"../../../Engine/Content/EditorResources/LightIcons/S_LightSpotMove.uasset" 230
"../../../Engine/Content/EditorResources/SequenceRecorder/Countdown.uasset" 231
"../../../Engine/Content/EditorResources/SequenceRecorder/RecordingIndicator.uasset" 232
"../../../Engine/Content/EditorResources/Spline/T_Loft_Spline.uasset" 233
"../../../Engine/Content/EditorSounds/Notifications/CompileFailed.uasset" 234
"../../../Engine/Content/EditorSounds/Notifications/CompileFailed_Cue.uasset" 235
"../../../Engine/Content/EditorSounds/Notifications/CompileSuccess.uasset" 236
"../../../Engine/Content/EditorSounds/Notifications/CompileStart_Cue.uasset" 237
"../../../Engine/Content/EngineDamageTypes/DmgTypeBP_Environmental.uasset" 238
"../../../Engine/Content/EngineDebugMaterials/HeatmapGradient.uasset" 239
"../../../Engine/Content/EngineDebugMaterials/BoneWeightMaterial.uasset" 240
"../../../Engine/Content/EngineDebugMaterials/ClothMaterial.uasset" 241
"../../../Engine/Content/EngineDebugMaterials/ClothMaterial_WF.uasset" 242
"../../../Engine/Content/EngineDebugMaterials/DebugEditorMaterial.uasset" 243
"../../../Engine/Content/EngineDebugMaterials/DebugMeshMaterial.uasset" 244
"../../../Engine/Content/EngineDebugMaterials/GeomMaterial.uasset" 245
"../../../Engine/Content/EngineDebugMaterials/LevelColorationLitMaterial.uasset" 246
"../../../Engine/Content/EngineDebugMaterials/LevelColorationUnlitMaterial.uasset" 247
"../../../Engine/Content/EngineMaterials/DefaultWhiteGrid.uasset" 248
"../../../Engine/Content/EngineDebugMaterials/MAT_LevelColorationLitLightmapUV.uasset" 249
"../../../Engine/Content/EngineDebugMaterials/M_SimpleUnlitTranslucent.uasset" 250
"../../../Engine/Content/EngineDebugMaterials/VolumeToRender.uasset" 251
"../../../Engine/Content/Functions/Engine_MaterialFunctions02/Utility/CameraDirectionVector.uasset" 252
"../../../Engine/Content/EngineDebugMaterials/M_VolumeRenderSphereTracePP.uasset" 253
"../../../Engine/Content/EngineMaterials/DefaultWhiteGrid_Low.uasset" 254
"../../../Engine/Content/EngineDebugMaterials/PhysicalMaterialMaskMaterial.uasset" 255
"../../../Engine/Content/EngineDebugMaterials/ShadedLevelColorationLitMaterial.uasset" 256
"../../../Engine/Content/EngineDebugMaterials/ShadedLevelColorationUnlitMateri.uasset" 257
"../../../Engine/Content/EngineDebugMaterials/VertexColorMaterial.uasset" 258
"../../../Engine/Content/EngineDebugMaterials/VertexColorViewMode_AlphaAsColor.uasset" 259
"../../../Engine/Content/EngineDebugMaterials/VertexColorViewMode_BlueOnly.uasset" 260
"../../../Engine/Content/EngineDebugMaterials/VertexColorViewMode_ColorOnly.uasset" 261
"../../../Engine/Content/EngineDebugMaterials/VertexColorViewMode_GreenOnly.uasset" 262
"../../../Engine/Content/EngineDebugMaterials/VertexColorViewMode_RedOnly.uasset" 263
"../../../Engine/Content/EngineDebugMaterials/WireframeMaterial.uasset" 264
"../../../Engine/Content/EngineFonts/Faces/RobotoRegular.uasset" 265
"../../../Engine/Content/EngineFonts/Faces/RobotoLight.uasset" 266
"../../../Engine/Content/EngineFonts/Faces/RobotoItalic.uasset" 267
"../../../Engine/Content/EngineFonts/Faces/RobotoBoldItalic.uasset" 268
"../../../Engine/Content/EngineFonts/Faces/RobotoBold.uasset" 269
"../../../Engine/Content/EngineFonts/Faces/DroidSansFallback.uasset" 270
"../../../Engine/Content/EngineFonts/Roboto.uasset" 271
"../../../Engine/Content/EngineFonts/Faces/RobotoTiny.uasset" 272
"../../../Engine/Content/EngineFonts/RobotoTiny.uasset" 273
"../../../Engine/Content/EngineFonts/SmallFont.uasset" 274
"../../../Engine/Content/EngineFonts/TinyFont.uasset" 275
"../../../Engine/Content/EngineMaterials/BaseFlattenNormalMap.uasset" 276
"../../../Engine/Content/EngineMaterials/BaseFlattenGrayscaleMap.uasset" 277
"../../../Engine/Content/EngineMaterials/BaseFlattenEmissiveMap.uasset" 278
"../../../Engine/Content/EngineMaterials/BaseFlattenDiffuseMap.uasset" 279
"../../../Engine/Content/EngineMaterials/BaseFlattenMaterial.uasset" 280
"../../../Engine/Content/EngineResources/WhiteSquareTexture.uasset" 281
"../../../Engine/Content/EngineMaterials/BlinkingCaret.uasset" 282
"../../../Engine/Content/EngineMaterials/BlueNoise.uasset" 283
"../../../Engine/Content/EngineMaterials/DefaultBloomKernel.uasset" 284
"../../../Engine/Content/EngineMaterials/DefaultBokeh.uasset" 285
"../../../Engine/Content/EngineMaterials/DefaultDeferredDecalMaterial.uasset" 286
"../../../Engine/Content/EngineMaterials/DefaultLightFunctionMaterial.uasset" 287
"../../../Engine/Content/EngineMaterials/DefaultNormal.uasset" 288
"../../../Engine/Content/EngineMaterials/DefaultPostProcessMaterial.uasset" 289
"../../../Engine/Content/EngineFonts/RobotoDistanceField.uasset" 290
"../../../Engine/Content/EngineMaterials/DefaultTextMaterialOpaque.uasset" 291
"../../../Engine/Content/EngineMaterials/EditorBrushMaterial.uasset" 292
"../../../Engine/Content/EngineMaterials/EmissiveMeshMaterial.uasset" 293
"../../../Engine/Content/EngineMaterials/GizmoMaterial.uasset" 294
"../../../Engine/Content/EngineMaterials/Grid_N.uasset" 295
"../../../Engine/Content/EngineMaterials/HighResolutionScreenshotMaskFunction.uasset" 296
"../../../Engine/Content/EngineMaterials/HighResScreenshot.uasset" 297
"../../../Engine/Content/EngineMaterials/HighResScreenshotCaptureRegion.uasset" 298
"../../../Engine/Content/EngineMaterials/HighResScreenshotMask.uasset" 299
"../../../Engine/Content/EngineMaterials/LandscapeHolePhysicalMaterial.uasset" 300
"../../../Engine/Content/EngineMaterials/InvalidLightmapSettings.uasset" 301
"../../../Engine/Content/EngineMaterials/M_InvalidLightmapSettings.uasset" 302
"../../../Engine/Content/EngineMaterials/PaperDiffuse.uasset" 303
"../../../Engine/Content/EngineMaterials/PaperNormal.uasset" 304
"../../../Engine/Content/Functions/Engine_MaterialFunctions02/WorldPositionOffset/CameraOffset.uasset" 305
"../../../Engine/Content/EngineMaterials/PhAT_JointLimitMaterial.uasset" 306
"../../../Engine/Content/EngineMaterials/PhysMat_Rubber.uasset" 307
"../../../Engine/Content/EngineMaterials/PreintegratedSkinBRDF.uasset" 308
"../../../Engine/Content/EngineMaterials/RemoveSurfaceMaterial.uasset" 309
"../../../Engine/Content/EngineMaterials/WeightMapPlaceholderTexture.uasset" 310
"../../../Engine/Content/Functions/Engine_MaterialFunctions01/ImageAdjustment/sRGBToLinear.uasset" 311
"../../../Engine/Content/Functions/Engine_MaterialFunctions02/Utility/BreakOutFloat3Components.uasset" 312
"../../../Engine/Content/EngineMaterials/Widget3DCameraPassThrough_Opaque_OneSided.uasset" 313
"../../../Engine/Content/EngineMaterials/Widget3DPassThrough.uasset" 314
"../../../Engine/Content/EngineMaterials/Widget3DPassThrough_Masked.uasset" 315
"../../../Engine/Content/EngineMaterials/Widget3DPassThrough_Opaque.uasset" 316
"../../../Engine/Content/EngineMaterials/Widget3DPassThrough_Masked_OneSided.uasset" 317
"../../../Engine/Content/EngineMaterials/Widget3DPassThrough_Opaque_OneSided.uasset" 318
"../../../Engine/Content/EngineMaterials/Widget3DPassThrough_Translucent.uasset" 319
"../../../Engine/Content/EngineMaterials/Widget3DPassThrough_Translucent_OneSided.uasset" 320
"../../../Engine/Content/EngineMeshes/Cube.uasset" 321
"../../../Engine/Content/EngineMeshes/Cylinder.uasset" 322
"../../../Engine/Content/EngineMeshes/Sphere.uasset" 323
"../../../Engine/Content/EngineResources/Black.uasset" 324
"../../../Engine/Content/EngineResources/DefaultTextureCube.uasset" 325
"../../../Engine/Content/EngineResources/DefaultVolumeTexture2D.uasset" 326
"../../../Engine/Content/EngineResources/DefaultVolumeTexture.uasset" 327
"../../../Engine/Content/EngineResources/GradientTexture0.uasset" 328
"../../../Engine/Content/EngineResources/StreamingPauseIcon.uasset" 329
"../../../Engine/Content/EngineResources/M_StreamingPause.uasset" 330
"../../../Engine/Content/EngineSky/VolumetricClouds/T_NoiseShape64.uasset" 331
"../../../Engine/Content/EngineSky/VolumetricClouds/T_VolumeNoiseShape64.uasset" 332
"../../../Engine/Content/EngineSky/VolumetricClouds/T_NoiseErosion.uasset" 333
"../../../Engine/Content/EngineSky/VolumetricClouds/T_VolumeNoiseErosion32.uasset" 334
"../../../Engine/Content/EngineSky/VolumetricClouds/CloudWeatherTexture.uasset" 335
"../../../Engine/Content/EngineSky/VolumetricClouds/CloudGradientTexture.uasset" 336
"../../../Engine/Content/EngineSky/VolumetricClouds/m_SimpleVolumetricCloud.uasset" 337
"../../../Engine/Content/EngineSky/VolumetricClouds/m_SimpleVolumetricCloud_Inst.uasset" 338
"../../../Engine/Content/EngineSounds/Master.uasset" 339
"../../../Engine/Content/Functions/Engine_MaterialFunctions01/Shading/PowerToRoughness.uasset" 340
"../../../Engine/Content/Maps/Templates/Thumbnails/Default.uasset" 341
"../../../Engine/Content/Maps/Templates/Thumbnails/TimeOfDay.uasset" 342
"../../../Engine/Content/Maps/Templates/Thumbnails/VR-Basic.uasset" 343
"../../../Engine/Content/MapTemplates/Sky/DaylightAmbientCubemap.uasset" 344
"../../../Engine/Content/MobileResources/T_MobileControls_texture.uasset" 345
"../../../Engine/Content/MobileResources/T_MobileMenu2.uasset" 346
"../../../Engine/Content/MobileResources/HUD/AnalogHat.uasset" 347
"../../../Engine/Content/MobileResources/HUD/VirtualJoystick_Thumb.uasset" 348
"../../../Engine/Content/MobileResources/HUD/VirtualJoystick_Background.uasset" 349
"../../../Engine/Content/MobileResources/HUD/DefaultVirtualJoysticks.uasset" 350
"../../../Engine/Content/MobileResources/HUD/LeftVirtualJoystickOnly.uasset" 351
"../../../Engine/Content/MobileResources/HUD/MobileHUDButton1_off.uasset" 352
"../../../Engine/Content/MobileResources/HUD/MobileHUDButton1_on.uasset" 353
"../../../Engine/Content/MobileResources/HUD/MobileHUDButton2_off.uasset" 354
"../../../Engine/Content/MobileResources/HUD/MobileHUDButton2_on.uasset" 355
"../../../Engine/Content/MobileResources/HUD/MobileHUDButton3.uasset" 356
"../../../Engine/Content/MobileResources/HUD/MobileHUDButtonFire.uasset" 357
"../../../Engine/Content/MobileResources/HUD/MobileHUDDirectionPad.uasset" 358
"../../../Engine/Content/MobileResources/HUD/MobileHUDDirectionPad2.uasset" 359
"../../../Engine/Content/MobileResources/HUD/MobileHUDDirectionPad3.uasset" 360
"../../../Engine/Content/MobileResources/HUD/MobileHUDDirectionStick.uasset" 361
"../../../Engine/Content/MobileResources/HUD/T_Castle_ThumbstickInner.uasset" 362
"../../../Engine/Content/MobileResources/HUD/T_Castle_ThumbstickOutter.uasset" 363
"../../../Engine/Content/Tutorial/ContentIntroCurve.uasset" 364
"../../../Engine/Content/Tutorial/Basics/LevelEditorAttract.uasset" 365
"../../../Engine/Content/Tutorial/Basics/TutorialAssets/icon_tab_Levels_40x.uasset" 366
"../../../Engine/Content/Tutorial/Basics/LevelEditorOverview.uasset" 367
"../../../Engine/Content/Tutorial/BlueprintTutorials/TutorialAssets/Blueprint_64x.uasset" 368
"../../../Engine/Content/Tutorial/BlueprintTutorials/BlueprintEditorTutorial.uasset" 369
"../../../Engine/Content/Tutorial/BlueprintTutorials/TutorialAssets/BlueprintInterface_64x.uasset" 370
"../../../Engine/Content/Tutorial/BlueprintTutorials/BlueprintInterfacesEditorOverview.uasset" 371
"../../../Engine/Content/Tutorial/BlueprintTutorials/TutorialAssets/Tutorial_BP_Interface.uasset" 372
"../../../Engine/Content/Tutorial/BlueprintTutorials/TutorialAssets/Tutorial_BP_MacroLib.uasset" 373
"../../../Engine/Content/Tutorial/Landscape/TutorialAssets/Landscape.uasset" 374
"../../../Engine/Content/Tutorial/Landscape/LandscapeWalkThrough.uasset" 375
"../../../Engine/Content/Tutorial/Landscape/Landscape_Manage_Mode.uasset" 376
"../../../Engine/Content/Tutorial/Landscape/Landscape_Painting_Mode.uasset" 377
"../../../Engine/Content/Tutorial/Landscape/Landscape_Sculpt_Mode.uasset" 378
"../../../Engine/Content/Tutorial/SubEditors/StaticMeshEditorTutorial.uasset" 379
"../../../Engine/Content/VREditor/TransformGizmo/TranslucentTransformGizmoMaterial.uasset" 380
"../../../Engine/Content/VREditor/LaserPointer/VR_LaserPower_01.uasset" 381
"../../../Engine/Content/VREditor/TransformGizmo/TransformGizmoMaterial.uasset" 382
"../../../Engine/Content/VREditor/TransformGizmo/UniformScaleHandle.uasset" 383
"../../../Engine/Content/VREditor/TransformGizmo/TranslateArrowHandle.uasset" 384
"../../../Engine/Content/VREditor/TransformGizmo/TranslucentTransformGizmoMaterial_Inst.uasset" 385
"../../../Engine/Content/VREditor/TransformGizmo/TransformGizmoFreeRotation.uasset" 386
"../../../Engine/Content/VREditor/TransformGizmo/StartRotationHandleIndicator.uasset" 387
"../../../Engine/Content/VREditor/TransformGizmo/RotationHandleQuarter.uasset" 388
"../../../Engine/Content/VREditor/TransformGizmo/RotationHandleIndicator.uasset" 389
"../../../Engine/Content/VREditor/TransformGizmo/RotationHandleFull.uasset" 390
"../../../Engine/Content/VREditor/TransformGizmo/PlaneTranslationHandle.uasset" 391
"../../../Engine/Content/VREditor/Sounds/UI/Selection_Changes.uasset" 392
"../../../Engine/Content/VREditor/Sounds/UI/Scaling_Up.uasset" 393
"../../../Engine/Content/VREditor/Sounds/UI/Scaling_Down.uasset" 394
"../../../Engine/Content/VREditor/Sounds/UI/Object_Snaps_To_Grid.uasset" 395
"../../../Engine/Content/VREditor/Sounds/UI/Object_Snaps_To_Another_Actor.uasset" 396
"../../../Engine/Content/VREditor/Sounds/UI/Object_PickUp.uasset" 397
"../../../Engine/Content/VREditor/Sounds/UI/Gizmo_Handle_Clicked.uasset" 398
"../../../Engine/Content/VREditor/Sounds/UI/Drop_Item_From_ContentBrowser.uasset" 399
"../../../Engine/Content/Functions/Engine_MaterialFunctions02/SplitComponents.uasset" 400
"../../../Engine/Content/Functions/Engine_MaterialFunctions02/Math/Transform3x3Matrix.uasset" 401
"../../../Engine/Content/VREditor/SnapGrid/SnapGridMaterial.uasset" 402
"../../../Engine/Content/VREditor/SnapGrid/SnapGridPlaneMesh.uasset" 403
"../../../Engine/Content/VREditor/TransformGizmo/TransformGizmoMaterial_Inst.uasset" 404
"../../../Engine/Content/VREditor/ViewportInteractionAssetContainerData.uasset" 405
"../../../Engine/Content/VREditor/WorldMovementGrid/PlaneMesh.uasset" 406
"../../../Engine/Content/VREditor/UI/ArrowMaterial.uasset" 407
"../../../Engine/Content/VREditor/UI/SM_Radial_Pointer.uasset" 408
"../../../Engine/Content/VREditor/UI/KeyDiskMaterial.uasset" 409
"../../../Engine/Content/VREditor/UI/DiscMaterial.uasset" 410
"../../../Engine/Content/VREditor/UI/SM_Radial_Disk.uasset" 411
"../../../Engine/Content/VREditor/Devices/Vive/UE4_Logo.uasset" 412
"../../../Engine/Content/VREditor/UI/M_ContentWindow.uasset" 413
"../../../Engine/Content/VREditor/UI/SM_ContentWindow_01.uasset" 414
"../../../Engine/Content/VREditor/UI/DockButton.uasset" 415
"../../../Engine/Content/VREditor/TransformGizmo/Xray.uasset" 416
"../../../Engine/Content/VREditor/TransformGizmo/Main.uasset" 417
"../../../Engine/Content/VREditor/TransformGizmo/SM_Dialog_Move.uasset" 418
"../../../Engine/Content/VREditor/TransformGizmo/SM_Dialog_Close.uasset" 419
"../../../Engine/Content/VREditor/Teleport/TeleportDirectionMesh.uasset" 420
"../../../Engine/Content/VREditor/Sounds/VR_teleport.uasset" 421
"../../../Engine/Content/VREditor/Sounds/UI/Teleport_Mode_Entered.uasset" 422
"../../../Engine/Content/VREditor/Sounds/UI/Radial_Menu_FadeOut.uasset" 423
"../../../Engine/Content/VREditor/Sounds/UI/Floating_UI_Open-001.uasset" 424
"../../../Engine/Content/VREditor/Sounds/UI/Dockable_Window_Pick_Up.uasset" 425
"../../../Engine/Content/VREditor/Sounds/UI/Dockable_Window_Open.uasset" 426
"../../../Engine/Content/VREditor/Sounds/UI/Dockable_Window_Drop.uasset" 427
"../../../Engine/Content/VREditor/Sounds/UI/Dockable_Window_Close.uasset" 428
"../../../Engine/Content/VREditor/Sounds/UI/Click_on_Button_Cue.uasset" 429
"../../../Engine/Content/VREditor/LaserPointer/LaserPointerMaterial.uasset" 430
"../../../Engine/Content/VREditor/LaserPointer/LaserPointerMaterialInst.uasset" 431
"../../../Engine/Content/VREditor/LaserPointer/TranslucentLaserPointerMaterialInst.uasset" 432
"../../../Engine/Content/VREditor/LaserPointer/LaserPointerMesh_Start.uasset" 433
"../../../Engine/Content/VREditor/LaserPointer/LaserPointerMesh_End.uasset" 434
"../../../Engine/Content/VREditor/LaserPointer/LaserPointerMesh.uasset" 435
"../../../Engine/Content/VREditor/LaserPointer/TranslucentHoverMaterial.uasset" 436
"../../../Engine/Content/VREditor/LaserPointer/HoverMaterial.uasset" 437
"../../../Engine/Content/VREditor/LaserPointer/HoverMesh.uasset" 438
"../../../Engine/Content/VREditor/LaserPointer/CursorPointer.uasset" 439
"../../../Engine/Content/VREditor/FloatingText/LineMaterial.uasset" 440
"../../../Engine/Content/VREditor/FloatingText/LineSegmentCylinder.uasset" 441
"../../../Engine/Content/VREditor/FloatingText/JointSphere.uasset" 442
"../../../Engine/Content/VREditor/Devices/Vive/VivePreControllerSpec.uasset" 443
"../../../Engine/Content/VREditor/Devices/Vive/VivePreController_MasksA.uasset" 444
"../../../Engine/Content/VREditor/Devices/Vive/VivePreControllerDiffuse.uasset" 445
"../../../Engine/Content/VREditor/Devices/Vive/T_VivePreController_EM.uasset" 446
"../../../Engine/Content/VREditor/Devices/Vive/VivePreController_MasksB.uasset" 447
"../../../Engine/Content/VREditor/Devices/Vive/VivePreControllerMaterial.uasset" 448
"../../../Engine/Content/VREditor/Devices/Vive/VivePreControllerMaterial_Inst.uasset" 449
"../../../Engine/Content/VREditor/Devices/Vive/VivePreControllerMesh.uasset" 450
"../../../Engine/Content/VREditor/Devices/Oculus/OculusControllerMaterial.uasset" 451
"../../../Engine/Content/VREditor/Devices/Oculus/OculusControllerMaterial_Inst.uasset" 452
"../../../Engine/Content/VREditor/Devices/Oculus/OculusControllerMesh.uasset" 453
"../../../Engine/Content/VREditor/Devices/Generic/GenericHMDMaterial.uasset" 454
"../../../Engine/Content/VREditor/Devices/Generic/GenericHMD.uasset" 455
"../../../Engine/Content/VREditor/Teleport/TeleportDirectionMaterial.uasset" 456
"../../../Engine/Content/VREditor/Teleport/TeleportDirectionMaterial_Inst.uasset" 457
"../../../Engine/Content/VREditor/Fonts/VRText_RobotoLarge.uasset" 458
"../../../Engine/Content/VREditor/Fonts/VRTextMaterial.uasset" 459
"../../../Engine/Content/VREditor/Fonts/TranslucentVRTextMaterial.uasset" 460
"../../../Engine/Content/Functions/Engine_MaterialFunctions01/Density/ExponentialDensity.uasset" 461
"../../../Engine/Content/VREditor/WorldMovementGrid/GridPostProcess.uasset" 462
"../../../Engine/Content/VREditor/WorldMovementGrid/SimpleGrid.uasset" 463
"../../../Engine/Content/VREditor/WorldMovementGrid/GridMaterial.uasset" 464
"../../../Engine/Content/VREditor/VREditorAssetContainerData.uasset" 465
"../../../Engine/Content/VREditor/Sounds/UI/Click_on_Button.uasset" 466
"../../../Engine/Content/VREditor/TransformGizmo/BoundingBoxCorner.uasset" 467
"../../../Engine/Content/VREditor/TransformGizmo/BoundingBoxEdge.uasset" 468
"../../../Engine/Content/VREditor/TransformGizmo/SM_Sequencer_Key.uasset" 469
"../../../Engine/Content/VREditor/TransformGizmo/SM_Sequencer_Node.uasset" 470
"../../../../../Game Projects/VRLego/Content/VirtualReality/Materials/TeleportMCP.uasset" 471
"../../../Engine/Content/Functions/Engine_MaterialFunctions02/Utility/DepthFromWorldPosition.uasset" 472
"../../../../../Game Projects/VRLego/Content/VirtualReality/Materials/MF_OccludedPixels.uasset" 473
"../../../Engine/Content/EngineMaterials/Good64x64TilingNoiseHighFreq.uasset" 474
"../../../../../Game Projects/VRLego/Content/VirtualReality/Materials/M_TeleportPreviews.uasset" 475
"../../../../../Game Projects/VRLego/Content/VirtualReality/Materials/MI_TeleportCylinderPreview.uasset" 476
"../../../../../Game Projects/VRLego/Content/VirtualReality/Materials/M_ArcEndpoint.uasset" 477
"../../../../../Game Projects/VRLego/Content/VirtualReality/Meshes/BeaconDirection.uasset" 478
"../../../../../Game Projects/VRLego/Content/VirtualReality/Materials/GenericHMDMaterial.uasset" 479
"../../../../../Game Projects/VRLego/Content/VirtualReality/Meshes/GenericHMD.uasset" 480
"../../../../../Game Projects/VRLego/Content/VirtualReality/Meshes/SM_FatCylinder.uasset" 481
"../../Plugins/2D/Paper2D/Content/PlaceholderTextures/DummySpriteTexture.uasset" 482
"../../Plugins/2D/Paper2D/Content/DummySprite.uasset" 483
"../../Plugins/2D/Paper2D/Content/DefaultPaperTerrainMaterial.uasset" 484
"../../Plugins/2D/Paper2D/Content/DefaultSpriteMaterial.uasset" 485
"../../Plugins/2D/Paper2D/Content/MaskedUnlitSpriteMaterial.uasset" 486
"../../Plugins/2D/Paper2D/Content/OpaqueUnlitSpriteMaterial.uasset" 487
"../../Plugins/Editor/SpeedTreeImporter/Content/SpeedTree9/UnpackInteger3.uasset" 488
"../../Plugins/Editor/SpeedTreeImporter/Content/SpeedTree9/UnpackDirection.uasset" 489
"../../Plugins/Editor/SpeedTreeImporter/Content/SpeedTree9/game_wind_noise.uasset" 490
"../../../Engine/Content/Functions/Engine_MaterialFunctions02/SafeNormalize.uasset" 491
"../../Plugins/Editor/SpeedTreeImporter/Content/SpeedTree9/SpeedTreeWindMotion.uasset" 492
"../../Plugins/Editor/SpeedTreeImporter/Content/SpeedTree9/SpeedTreeBranchMotion.uasset" 493
"../../../Engine/Content/Functions/Engine_MaterialFunctions02/ObjectLocalBounds.uasset" 494
"../../../Engine/Content/Functions/Engine_MaterialFunctions02/UVs/BoundingBoxBased_0-1_UVW.uasset" 495
"../../Plugins/Editor/SpeedTreeImporter/Content/SpeedTree9/SpeedTreeWind.uasset" 496
"../../Plugins/Editor/SpeedTreeImporter/Content/SpeedTree9/SpeedTreeBillboard.uasset" 497
"../../../Engine/Content/EngineResources/DefaultTexture.uasset" 498
"../../Plugins/Editor/SpeedTreeImporter/Content/SpeedTree9/SpeedTreeBillboardMaster.uasset" 499
"../../Plugins/Editor/SpeedTreeImporter/Content/SpeedTree9/SpeedTreeCameraFacing.uasset" 500
"../../Plugins/Editor/SpeedTreeImporter/Content/SpeedTree9/SpeedTreeMaster.uasset" 501
"../../Plugins/FX/Niagara/Content/Enums/ENiagaraAnimTrailWidthMode.uasset" 502
"../../Plugins/FX/Niagara/Content/Enums/ENiagaraArraySamplingMode.uasset" 503
"../../Plugins/FX/Niagara/Content/Enums/ENiagaraBoneSamplingMode.uasset" 504
"../../Plugins/FX/Niagara/Content/Enums/ENiagaraBoneSocketSamplingMode.uasset" 505
"../../Plugins/FX/Niagara/Content/Enums/ENiagaraBooleanLogicOps.uasset" 506
"../../Plugins/FX/Niagara/Content/Enums/ENiagaraBooleanLogicOps_v2.uasset" 507
"../../Plugins/FX/Niagara/Content/Enums/ENiagaraCalculateRadiusOptions.uasset" 508
"../../Plugins/FX/Niagara/Content/Enums/ENiagaraChannelCorrelation.uasset" 509
"../../Plugins/FX/Niagara/Content/Enums/ENiagaraCollisionRadiusOptions.uasset" 510
"../../Plugins/FX/Niagara/Content/Enums/ENiagaraCoordinateSpace.uasset" 511
"../../Plugins/FX/Niagara/Content/Enums/ENiagaraCurlNoiseQuality.uasset" 512
"../../Plugins/FX/Niagara/Content/Enums/ENiagaraEmitterLifeCycleMode.uasset" 513
"../../Plugins/FX/Niagara/Content/Enums/ENiagaraEmitterScalabilityMode.uasset" 514
"../../Plugins/FX/Niagara/Content/Enums/ENiagaraEmitterScalabilityMode_Limited.uasset" 515
"../../Plugins/FX/Niagara/Content/Enums/ENiagaraExecutionStateManagement.uasset" 516
"../../Plugins/FX/Niagara/Content/Enums/ENiagaraExpansionMode.uasset" 517
"../../Plugins/FX/Niagara/Content/Enums/ENiagaraFrictionMergeType.uasset" 518
"../../Plugins/FX/Niagara/Content/Enums/ENiagaraGPUDepthResponseType.uasset" 519
"../../Plugins/FX/Niagara/Content/Enums/ENiagaraGridPlacementType.uasset" 520
"../../Plugins/FX/Niagara/Content/Enums/ENiagaraInactiveMode.uasset" 521
"../../Plugins/FX/Niagara/Content/Enums/ENiagaraKillVolumeOptions.uasset" 522
"../../Plugins/FX/Niagara/Content/Enums/ENiagaraLinearColor_Channels.uasset" 523
"../../Plugins/FX/Niagara/Content/Enums/ENiagaraMassByVolume.uasset" 524
"../../Plugins/FX/Niagara/Content/Enums/ENiagaraMassCalculationForRendererTypes.uasset" 525
"../../Plugins/FX/Niagara/Content/Enums/ENiagaraMeshOrSprite.uasset" 526
"../../Plugins/FX/Niagara/Content/Enums/ENiagaraMeshSamplingMode.uasset" 527
"../../Plugins/FX/Niagara/Content/Enums/ENiagaraMeshSurfaceSamplingMode.uasset" 528
"../../Plugins/FX/Niagara/Content/Enums/ENiagaraMeshTransforms.uasset" 529
"../../Plugins/FX/Niagara/Content/Enums/ENiagaraMinOrMax.uasset" 530
"../../Plugins/FX/Niagara/Content/Enums/ENiagaraNumericVariableTypes.uasset" 531
"../../Plugins/FX/Niagara/Content/Enums/ENiagaraOrientationAxis.uasset" 532
"../../Plugins/FX/Niagara/Content/Enums/ENiagaraQuaternionDerivationTechnique.uasset" 533
"../../Plugins/FX/Niagara/Content/Enums/ENiagaraRandomnessEvaluation.uasset" 534
"../../Plugins/FX/Niagara/Content/Enums/ENiagaraRandomnessMode.uasset" 535
"../../Plugins/FX/Niagara/Content/Enums/ENiagaraRestitutionMergeType.uasset" 536
"../../Plugins/FX/Niagara/Content/Enums/ENiagaraScaleColorMode.uasset" 537
"../../Plugins/FX/Niagara/Content/Enums/ENiagaraSimulationTarget.uasset" 538
"../../Plugins/FX/Niagara/Content/Enums/ENiagaraSkeletalSpawning.uasset" 539
"../../Plugins/FX/Niagara/Content/Enums/ENiagaraSkelSamplingFilteringMode.uasset" 540
"../../Plugins/FX/Niagara/Content/Enums/ENiagaraSkelSamplingModeFull.uasset" 541
"../../Plugins/FX/Niagara/Content/Enums/ENiagaraSocketSamplingMode.uasset" 542
"../../Plugins/FX/Niagara/Content/Enums/ENiagaraSphereDistributionMode.uasset" 543
"../../Plugins/FX/Niagara/Content/Enums/ENiagaraSUbUVAnimationMode.uasset" 544
"../../Plugins/FX/Niagara/Content/Enums/ENiagaraSystemInactiveMode.uasset" 545
"../../Plugins/FX/Niagara/Content/Enums/ENiagaraTorusDistributionMode.uasset" 546
"../../Plugins/FX/Niagara/Content/Enums/ENiagaraTorusMode.uasset" 547
"../../Plugins/FX/Niagara/Content/Enums/ENiagaraTriangleSamplingMode.uasset" 548
"../../Plugins/FX/Niagara/Content/Enums/ENiagaraVector2_Channels.uasset" 549
"../../Plugins/FX/Niagara/Content/Enums/ENiagaraVector3_Channels.uasset" 550
"../../Plugins/FX/Niagara/Content/Enums/ENiagaraVector4_Channels.uasset" 551
"../../Plugins/FX/Niagara/Content/Enums/ENiagaraVertexFilteringMode.uasset" 552
"../../Plugins/FX/Niagara/Content/Enums/ENiagaraVertexSamplingMode.uasset" 553
"../../Plugins/FX/Niagara/Content/Enums/ENiagara_AudioParamType.uasset" 554
"../../Plugins/FX/Niagara/Content/Enums/ENiagara_BankOnTurns.uasset" 555
"../../Plugins/FX/Niagara/Content/Enums/ENiagara_CameraMeshOrientation.uasset" 556
"../../Plugins/FX/Niagara/Content/Enums/ENiagara_CameraProperties.uasset" 557
"../../Plugins/FX/Niagara/Content/Enums/ENiagara_CollisionType.uasset" 558
"../../Plugins/FX/Niagara/Content/Enums/ENiagara_ColorInitializationMode.uasset" 559
"../../Plugins/FX/Niagara/Content/Enums/ENiagara_CPUCollisionType.uasset" 560
"../../Plugins/FX/Niagara/Content/Enums/ENiagara_DirectReadApplicationMode.uasset" 561
"../../Plugins/FX/Niagara/Content/Enums/ENiagara_DirectReadParticleIDSampling.uasset" 562
"../../Plugins/FX/Niagara/Content/Enums/ENiagara_DirectReadSamplingMode.uasset" 563
"../../Plugins/FX/Niagara/Content/Enums/ENiagara_EmitterLocSamplingMode.uasset" 564
"../../Plugins/FX/Niagara/Content/Enums/ENiagara_EmitterStateOptions.uasset" 565
"../../Plugins/FX/Niagara/Content/Enums/ENiagara_FadeOperationType.uasset" 566
"../../Plugins/FX/Niagara/Content/Enums/ENiagara_Float4Channel.uasset" 567
"../../Plugins/FX/Niagara/Content/Enums/ENiagara_GPUCollisionType.uasset" 568
"../../Plugins/FX/Niagara/Content/Enums/ENiagara_IDAttributes.uasset" 569
"../../Plugins/FX/Niagara/Content/Enums/ENiagara_InfiniteLoopDuration.uasset" 570
"../../Plugins/FX/Niagara/Content/Enums/ENiagara_LifetimeInheritanceOptions.uasset" 571
"../../Plugins/FX/Niagara/Content/Enums/ENiagara_LifetimeMode.uasset" 572
"../../Plugins/FX/Niagara/Content/Enums/ENiagara_MassInitializationMode.uasset" 573
"../../Plugins/FX/Niagara/Content/Enums/ENiagara_MultipleLerpCount.uasset" 574
"../../Plugins/FX/Niagara/Content/Enums/ENiagara_PositionInitializationMode.uasset" 575
"../../Plugins/FX/Niagara/Content/Enums/ENiagara_RotationDefinitionApproach.uasset" 576
"../../Plugins/FX/Niagara/Content/Enums/ENiagara_SizeScaleMode.uasset" 577
"../../Plugins/FX/Niagara/Content/Enums/ENiagara_SpawnBurstMode.uasset" 578
"../../Plugins/FX/Niagara/Content/Enums/ENiagara_SpriteRotationMode.uasset" 579
"../../Plugins/FX/Niagara/Content/Enums/ENiagara_SubUVLookupMode.uasset" 580
"../../Plugins/FX/Niagara/Content/Enums/ENiagara_TransformBaseOptions.uasset" 581
"../../Plugins/FX/Niagara/Content/Enums/ENiagara_TransformMode.uasset" 582
"../../Plugins/FX/Niagara/Content/Enums/ENiagara_TransformOrientationMode.uasset" 583
"../../Plugins/FX/Niagara/Content/Enums/ENiagara_UVFlippingMode.uasset" 584
"../../Plugins/FX/Niagara/Content/Enums/Niagara_Units.uasset" 585
"../../Plugins/FX/Niagara/Content/Enums/CascadeConversion/ECascadeNiagaraOrbitChainMode.uasset" 586
"../../Plugins/FX/Niagara/Content/Enums/CascadeConversion/ECascadeNiagaraTwoVectorChannels.uasset" 587
"../../Plugins/FX/Niagara/Content/Icons/S_ParticleSystem.uasset" 588
"../../../Engine/Content/BasicShapes/Cylinder.uasset" 589
"../../../Engine/Content/ArtTools/RenderToTexture/Materials/Debug/M_Emissive_Color.uasset" 590
"../../Plugins/Lumin/MagicLeapPassableWorld/Content/MagicLeapARPinInfoActor.uasset" 591
"../../../Engine/Content/Functions/Engine_MaterialFunctions02/Utility/BreakOutFloat4Components.uasset" 592
"../../Plugins/Runtime/Oculus/OculusVR/Content/Materials/OculusMR_ChromaKey.uasset" 593
"../../Plugins/Runtime/Oculus/OculusVR/Content/Materials/OculusMR_OpaqueColoredMaterial.uasset" 594
"../../Plugins/Runtime/Oculus/OculusVR/Content/Materials/PokeAHoleMaterial.uasset" 595
"../../Plugins/Runtime/Oculus/OculusVR/Content/Textures/touchController_controlmap.uasset" 596
"../../Plugins/Runtime/Oculus/OculusVR/Content/Textures/touchController_albedo.uasset" 597
"../../Plugins/Runtime/Oculus/OculusVR/Content/Materials/touchController_mat.uasset" 598
"../../Plugins/Runtime/Oculus/OculusVR/Content/Meshes/LeftTouchController.uasset" 599
"../../Plugins/Runtime/Oculus/OculusVR/Content/Textures/TouchForQuestRiftSController_albedo.uasset" 600
"../../Plugins/Runtime/Oculus/OculusVR/Content/Materials/TouchForQuestRiftSControllerMaterial.uasset" 601
"../../Plugins/Runtime/Oculus/OculusVR/Content/Meshes/LeftTouchForQuestRiftSController.uasset" 602
"../../Plugins/Runtime/Oculus/OculusVR/Content/Meshes/RiftHMD.uasset" 603
"../../Plugins/Runtime/Oculus/OculusVR/Content/Meshes/RightTouchController.uasset" 604
"../../Plugins/Runtime/Oculus/OculusVR/Content/Meshes/RightTouchForQuestRiftSController.uasset" 605
"../../../Engine/Content/Maps/Entry_BuiltData.uasset" 606
"../../../Engine/Content/Maps/Entry.umap" 607
"../../../../../Game Projects/VRLego/Content/VirtualRealityBP/Maps/MotionControllerMap_BuiltData.uasset" 608
"../../../../../Game Projects/VRLego/Content/VirtualRealityBP/Blueprints/PickupActorInterface.uasset" 609
"../../../../../Game Projects/VRLego/Content/VirtualRealityBP/Blueprints/MotionControllerHaptics.uasset" 610
"../../../../../Game Projects/VRLego/Content/VirtualReality/Meshes/BeamMesh.uasset" 611
"../../../../../Game Projects/VRLego/Content/VirtualReality/Meshes/1x1_cube.uasset" 612
"../../../../../Game Projects/VRLego/Content/VirtualReality/Materials/M_SplineArcMat.uasset" 613
"../../../../../Game Projects/VRLego/Content/VirtualReality/Materials/MI_ChaperoneOutline.uasset" 614
"../../../../../Game Projects/VRLego/Content/VirtualReality/Mannequin/Character/Mesh/MannequinHand_Right_PhysicsAsset.uasset" 615
"../../../../../Game Projects/VRLego/Content/VirtualReality/Mannequin/Character/Textures/UE4_Mannequin_MAT_MASKA.uasset" 616
"../../../../../Game Projects/VRLego/Content/VirtualReality/Mannequin/Character/Textures/UE4_Mannequin__normals.uasset" 617
"../../../../../Game Projects/VRLego/Content/VirtualReality/Mannequin/Character/Materials/M_HandMat.uasset" 618
"../../../../../Game Projects/VRLego/Content/VirtualReality/Mannequin/Character/Mesh/MannequinHand_Right_Skeleton.uasset" 619
"../../../../../Game Projects/VRLego/Content/VirtualReality/Mannequin/Character/Mesh/MannequinHand_Right.uasset" 620
"../../../../../Game Projects/VRLego/Content/VirtualRealityBP/Blueprints/GripEnum.uasset" 621
"../../../../../Game Projects/VRLego/Content/VirtualReality/Mannequin/Animations/MannequinHand_Right_Open.uasset" 622
"../../../../../Game Projects/VRLego/Content/VirtualReality/Mannequin/Animations/MannequinHand_Right_Grab.uasset" 623
"../../../../../Game Projects/VRLego/Content/VirtualReality/Mannequin/Animations/MannequinHand_Right_CanGrab.uasset" 624
"../../../../../Game Projects/VRLego/Content/VirtualReality/Mannequin/Animations/RightGrip_BS.uasset" 625
"../../../../../Game Projects/VRLego/Content/VirtualReality/Mannequin/Animations/RightHand_AnimBP.uasset" 626
"../../../../../Game Projects/VRLego/Content/VirtualRealityBP/Blueprints/BP_MotionController.uasset" 627
"../../../../../Game Projects/VRLego/Content/VirtualRealityBP/Blueprints/MotionControllerPawn.uasset" 628
"../../../../../Game Projects/VRLego/Content/VirtualReality/Materials/M_BaseMaterial.uasset" 629
"../../../../../Game Projects/VRLego/Content/VirtualReality/Materials/MI_SmallCubes.uasset" 630
"../../../../../Game Projects/VRLego/Content/Geometry/Meshes/CubeMaterial.uasset" 631
"../../../../../Game Projects/VRLego/Content/Geometry/Meshes/1M_Cube.uasset" 632
"../../../../../Game Projects/VRLego/Content/VirtualRealityBP/Blueprints/BP_PickupCube.uasset" 633
"../../../../../Game Projects/VRLego/Content/VirtualReality/Materials/MI_BaseMaterial3.uasset" 634
"../../../../../Game Projects/VRLego/Content/VirtualReality/Materials/MI_BaseMaterial2.uasset" 635
"../../../Engine/Content/EngineSky/T_Sky_Stars.uasset" 636
"../../../Engine/Content/EngineSky/T_Sky_Clouds_M.uasset" 637
"../../../Engine/Content/EngineSky/T_Sky_Blue.uasset" 638
"../../../Engine/Content/EngineSky/M_Sky_Panning_Clouds2.uasset" 639
"../../../Engine/Content/EngineSky/SM_SkySphere.uasset" 640
"../../../Engine/Content/EngineSky/C_Sky_Zenith_Color.uasset" 641
"../../../Engine/Content/EngineSky/C_Sky_Horizon_Color.uasset" 642
"../../../Engine/Content/EngineSky/C_Sky_Cloud_Color.uasset" 643
"../../../Engine/Content/EngineSky/BP_Sky_Sphere.uasset" 644
"../../../../../Game Projects/VRLego/Content/VirtualRealityBP/Maps/MotionControllerMap.umap" 645
